2025-06-11 05:47:17,590 INFO sqlalchemy.engine.Engine select pg_catalog.version()
2025-06-11 05:47:17,590 INFO sqlalchemy.engine.Engine [raw sql] {}
2025-06-11 05:47:17,592 INFO sqlalchemy.engine.Engine select current_schema()
2025-06-11 05:47:17,593 INFO sqlalchemy.engine.Engine [raw sql] {}
2025-06-11 05:47:17,594 INFO sqlalchemy.engine.Engine show standard_conforming_strings
2025-06-11 05:47:17,594 INFO sqlalchemy.engine.Engine [raw sql] {}
2025-06-11 05:47:17,599 INFO sqlalchemy.engine.Engine BEGIN (implicit)
2025-06-11 05:47:17,602 INFO sqlalchemy.engine.Engine SELECT pg_catalog.pg_class.relname 
FROM pg_catalog.pg_class JOIN pg_catalog.pg_namespace ON pg_catalog.pg_namespace.oid = pg_catalog.pg_class.relnamespace 
WHERE pg_catalog.pg_class.relname = %(table_name)s::VARCHAR AND pg_catalog.pg_class.relkind = ANY (ARRAY[%(param_1)s::VARCHAR, %(param_2)s::VARCHAR, %(param_3)s::VARCHAR, %(param_4)s::VARCHAR, %(param_5)s::VARCHAR]) AND pg_catalog.pg_table_is_visible(pg_catalog.pg_class.oid) AND pg_catalog.pg_namespace.nspname != %(nspname_1)s::VARCHAR
2025-06-11 05:47:17,603 INFO sqlalchemy.engine.Engine [generated in 0.00057s] {'table_name': 'draw_results', 'param_1': 'r', 'param_2': 'p', 'param_3': 'f', 'param_4': 'v', 'param_5': 'm', 'nspname_1': 'pg_catalog'}
2025-06-11 05:47:17,606 INFO sqlalchemy.engine.Engine SELECT pg_catalog.pg_class.relname 
FROM pg_catalog.pg_class JOIN pg_catalog.pg_namespace ON pg_catalog.pg_namespace.oid = pg_catalog.pg_class.relnamespace 
WHERE pg_catalog.pg_class.relname = %(table_name)s::VARCHAR AND pg_catalog.pg_class.relkind = ANY (ARRAY[%(param_1)s::VARCHAR, %(param_2)s::VARCHAR, %(param_3)s::VARCHAR, %(param_4)s::VARCHAR, %(param_5)s::VARCHAR]) AND pg_catalog.pg_table_is_visible(pg_catalog.pg_class.oid) AND pg_catalog.pg_namespace.nspname != %(nspname_1)s::VARCHAR
2025-06-11 05:47:17,606 INFO sqlalchemy.engine.Engine [cached since 0.004285s ago] {'table_name': 'winning_combination', 'param_1': 'r', 'param_2': 'p', 'param_3': 'f', 'param_4': 'v', 'param_5': 'm', 'nspname_1': 'pg_catalog'}
2025-06-11 05:47:17,608 INFO sqlalchemy.engine.Engine 
CREATE TABLE draw_results (
	id UUID NOT NULL, 
	raw_lotto_game VARCHAR, 
	raw_draw_date DATE, 
	raw_jackpot DECIMAL, 
	raw_winners INTEGER, 
	PRIMARY KEY (id), 
	UNIQUE (raw_lotto_game, raw_draw_date)
)


2025-06-11 05:47:17,609 INFO sqlalchemy.engine.Engine [no key 0.00048s] {}
2025-06-11 05:47:17,615 INFO sqlalchemy.engine.Engine 
CREATE TABLE winning_combination (
	id UUID NOT NULL, 
	lotto_id UUID, 
	draw_number INTEGER, 
	PRIMARY KEY (id), 
	FOREIGN KEY(lotto_id) REFERENCES draw_results (id)
)


2025-06-11 05:47:17,616 INFO sqlalchemy.engine.Engine [no key 0.00045s] {}
2025-06-11 05:47:17,618 INFO sqlalchemy.engine.Engine COMMIT
