2025-06-11 06:09:42,454 INFO sqlalchemy.engine.Engine select pg_catalog.version()
2025-06-11 06:09:42,454 INFO sqlalchemy.engine.Engine [raw sql] {}
2025-06-11 06:09:42,457 INFO sqlalchemy.engine.Engine select current_schema()
2025-06-11 06:09:42,458 INFO sqlalchemy.engine.Engine [raw sql] {}
2025-06-11 06:09:42,459 INFO sqlalchemy.engine.Engine show standard_conforming_strings
2025-06-11 06:09:42,460 INFO sqlalchemy.engine.Engine [raw sql] {}
2025-06-11 06:09:42,465 INFO sqlalchemy.engine.Engine BEGIN (implicit)
2025-06-11 06:09:42,469 INFO sqlalchemy.engine.Engine SELECT pg_catalog.pg_class.relname 
FROM pg_catalog.pg_class JOIN pg_catalog.pg_namespace ON pg_catalog.pg_namespace.oid = pg_catalog.pg_class.relnamespace 
WHERE pg_catalog.pg_class.relname = %(table_name)s::VARCHAR AND pg_catalog.pg_class.relkind = ANY (ARRAY[%(param_1)s::VARCHAR, %(param_2)s::VARCHAR, %(param_3)s::VARCHAR, %(param_4)s::VARCHAR, %(param_5)s::VARCHAR]) AND pg_catalog.pg_table_is_visible(pg_catalog.pg_class.oid) AND pg_catalog.pg_namespace.nspname != %(nspname_1)s::VARCHAR
2025-06-11 06:09:42,470 INFO sqlalchemy.engine.Engine [generated in 0.00087s] {'table_name': 'draw_results', 'param_1': 'r', 'param_2': 'p', 'param_3': 'f', 'param_4': 'v', 'param_5': 'm', 'nspname_1': 'pg_catalog'}
2025-06-11 06:09:42,473 INFO sqlalchemy.engine.Engine SELECT pg_catalog.pg_class.relname 
FROM pg_catalog.pg_class JOIN pg_catalog.pg_namespace ON pg_catalog.pg_namespace.oid = pg_catalog.pg_class.relnamespace 
WHERE pg_catalog.pg_class.relname = %(table_name)s::VARCHAR AND pg_catalog.pg_class.relkind = ANY (ARRAY[%(param_1)s::VARCHAR, %(param_2)s::VARCHAR, %(param_3)s::VARCHAR, %(param_4)s::VARCHAR, %(param_5)s::VARCHAR]) AND pg_catalog.pg_table_is_visible(pg_catalog.pg_class.oid) AND pg_catalog.pg_namespace.nspname != %(nspname_1)s::VARCHAR
2025-06-11 06:09:42,474 INFO sqlalchemy.engine.Engine [cached since 0.004742s ago] {'table_name': 'winning_combination', 'param_1': 'r', 'param_2': 'p', 'param_3': 'f', 'param_4': 'v', 'param_5': 'm', 'nspname_1': 'pg_catalog'}
2025-06-11 06:09:42,476 INFO sqlalchemy.engine.Engine 
CREATE TABLE draw_results (
	id UUID NOT NULL, 
	raw_lotto_game VARCHAR, 
	raw_draw_date DATE, 
	raw_jackpot DECIMAL, 
	raw_winners INTEGER, 
	PRIMARY KEY (id), 
	UNIQUE (raw_lotto_game, raw_draw_date)
)


2025-06-11 06:09:42,476 INFO sqlalchemy.engine.Engine [no key 0.00041s] {}
2025-06-11 06:09:42,482 INFO sqlalchemy.engine.Engine 
CREATE TABLE winning_combination (
	id UUID NOT NULL, 
	lotto_id UUID, 
	draw_number INTEGER, 
	PRIMARY KEY (id), 
	FOREIGN KEY(lotto_id) REFERENCES draw_results (id)
)


2025-06-11 06:09:42,483 INFO sqlalchemy.engine.Engine [no key 0.00038s] {}
2025-06-11 06:09:42,486 INFO sqlalchemy.engine.Engine COMMIT
