ultra
2025-06-10 04:34:04,518 INFO sqlalchemy.engine.Engine select pg_catalog.version()
2025-06-10 04:34:04,518 INFO sqlalchemy.engine.Engine [raw sql] {}
2025-06-10 04:34:04,520 INFO sqlalchemy.engine.Engine select current_schema()
2025-06-10 04:34:04,520 INFO sqlalchemy.engine.Engine [raw sql] {}
2025-06-10 04:34:04,521 INFO sqlalchemy.engine.Engine show standard_conforming_strings
2025-06-10 04:34:04,522 INFO sqlalchemy.engine.Engine [raw sql] {}
2025-06-10 04:34:04,524 INFO sqlalchemy.engine.Engine BEGIN (implicit)
2025-06-10 04:34:04,526 INFO sqlalchemy.engine.Engine SELECT draw_results.id AS draw_results_id, draw_results.raw_lotto_game AS draw_results_raw_lotto_game, draw_results.raw_draw_date AS draw_results_raw_draw_date, draw_results.raw_jackpot AS draw_results_raw_jackpot, draw_results.raw_winners AS draw_results_raw_winners 
FROM draw_results 
WHERE draw_results.raw_lotto_game = %(raw_lotto_game_1)s::VARCHAR AND draw_results.raw_draw_date = %(raw_draw_date_1)s::DATE
2025-06-10 04:34:04,527 INFO sqlalchemy.engine.Engine [generated in 0.00066s] {'raw_lotto_game_1': 'ultra', 'raw_draw_date_1': datetime.date(2025, 6, 8)}
2025-06-10 04:34:04,531 INFO sqlalchemy.engine.Engine INSERT INTO draw_results (id, raw_lotto_game, raw_draw_date, raw_jackpot, raw_winners) VALUES (%(id)s::UUID, %(raw_lotto_game)s::VARCHAR, %(raw_draw_date)s::DATE, %(raw_jackpot)s, %(raw_winners)s::INTEGER)
2025-06-10 04:34:04,531 INFO sqlalchemy.engine.Engine [generated in 0.00044s] {'id': UUID('e5abe3b0-2a4d-4084-a9cd-7d9baec9fc87'), 'raw_lotto_game': 'ultra', 'raw_draw_date': datetime.date(2025, 6, 8), 'raw_jackpot': Decimal('106788318.00'), 'raw_winners': 0}
2025-06-10 04:34:04,534 INFO sqlalchemy.engine.Engine SELECT draw_results.id, draw_results.raw_lotto_game, draw_results.raw_draw_date, draw_results.raw_jackpot, draw_results.raw_winners 
FROM draw_results 
WHERE draw_results.id = %(pk_1)s::UUID
2025-06-10 04:34:04,534 INFO sqlalchemy.engine.Engine [generated in 0.00035s] {'pk_1': UUID('e5abe3b0-2a4d-4084-a9cd-7d9baec9fc87')}
2025-06-10 04:34:04,536 INFO sqlalchemy.engine.Engine INSERT INTO winning_combination (id, lotto_id, draw_number) VALUES (%(id__0)s::UUID, %(lotto_id__0)s::UUID, %(draw_number__0)s::INTEGER), (%(id__1)s::UUID, %(lotto_id__1)s::UUID, %(draw_number__1)s::INTEGER), (%(id__2)s::UUID, %(lotto_id__2)s::UUID, %(draw_number__2)s::INTEGER), (%(id__3)s::UUID, %(lotto_id__3)s::UUID, %(draw_number__3)s::INTEGER), (%(id__4)s::UUID, %(lotto_id__4)s::UUID, %(draw_number__4)s::INTEGER), (%(id__5)s::UUID, %(lotto_id__5)s::UUID, %(draw_number__5)s::INTEGER)
2025-06-10 04:34:04,536 INFO sqlalchemy.engine.Engine [generated in 0.00011s (insertmanyvalues) 1/1 (unordered)] {'lotto_id__0': UUID('e5abe3b0-2a4d-4084-a9cd-7d9baec9fc87'), 'id__0': UUID('d156f4c5-a115-40a5-a18b-03ee82d40f63'), 'draw_number__0': 4, 'lotto_id__1': UUID('e5abe3b0-2a4d-4084-a9cd-7d9baec9fc87'), 'id__1': UUID('e5e6aca2-a134-49ed-9ba9-b756163ff212'), 'draw_number__1': 28, 'lotto_id__2': UUID('e5abe3b0-2a4d-4084-a9cd-7d9baec9fc87'), 'id__2': UUID('9b1afae9-e3d5-493e-acac-c97cf86da0c1'), 'draw_number__2': 38, 'lotto_id__3': UUID('e5abe3b0-2a4d-4084-a9cd-7d9baec9fc87'), 'id__3': UUID('255c4d87-a611-45ed-a22e-9cf0ec5359fd'), 'draw_number__3': 39, 'lotto_id__4': UUID('e5abe3b0-2a4d-4084-a9cd-7d9baec9fc87'), 'id__4': UUID('4e42059d-f2b7-4a73-bab8-f9563af3256e'), 'draw_number__4': 23, 'lotto_id__5': UUID('e5abe3b0-2a4d-4084-a9cd-7d9baec9fc87'), 'id__5': UUID('132eebe9-b419-4fec-8471-f2ecd357f96d'), 'draw_number__5': 49}
2025-06-10 04:34:04,538 INFO sqlalchemy.engine.Engine COMMIT
grand
2025-06-10 04:34:04,751 INFO sqlalchemy.engine.Engine BEGIN (implicit)
2025-06-10 04:34:04,752 INFO sqlalchemy.engine.Engine SELECT draw_results.id AS draw_results_id, draw_results.raw_lotto_game AS draw_results_raw_lotto_game, draw_results.raw_draw_date AS draw_results_raw_draw_date, draw_results.raw_jackpot AS draw_results_raw_jackpot, draw_results.raw_winners AS draw_results_raw_winners 
FROM draw_results 
WHERE draw_results.raw_lotto_game = %(raw_lotto_game_1)s::VARCHAR AND draw_results.raw_draw_date = %(raw_draw_date_1)s::DATE
2025-06-10 04:34:04,752 INFO sqlalchemy.engine.Engine [cached since 0.2256s ago] {'raw_lotto_game_1': 'grand', 'raw_draw_date_1': datetime.date(2025, 6, 9)}
2025-06-10 04:34:04,753 INFO sqlalchemy.engine.Engine INSERT INTO draw_results (id, raw_lotto_game, raw_draw_date, raw_jackpot, raw_winners) VALUES (%(id)s::UUID, %(raw_lotto_game)s::VARCHAR, %(raw_draw_date)s::DATE, %(raw_jackpot)s, %(raw_winners)s::INTEGER)
2025-06-10 04:34:04,754 INFO sqlalchemy.engine.Engine [cached since 0.2229s ago] {'id': UUID('5fc8a3d2-2aae-4951-829d-416746d79967'), 'raw_lotto_game': 'grand', 'raw_draw_date': datetime.date(2025, 6, 9), 'raw_jackpot': Decimal('35456847.80'), 'raw_winners': 0}
2025-06-10 04:34:04,755 INFO sqlalchemy.engine.Engine SELECT draw_results.id, draw_results.raw_lotto_game, draw_results.raw_draw_date, draw_results.raw_jackpot, draw_results.raw_winners 
FROM draw_results 
WHERE draw_results.id = %(pk_1)s::UUID
2025-06-10 04:34:04,755 INFO sqlalchemy.engine.Engine [cached since 0.2217s ago] {'pk_1': UUID('5fc8a3d2-2aae-4951-829d-416746d79967')}
2025-06-10 04:34:04,757 INFO sqlalchemy.engine.Engine INSERT INTO winning_combination (id, lotto_id, draw_number) VALUES (%(id__0)s::UUID, %(lotto_id__0)s::UUID, %(draw_number__0)s::INTEGER), (%(id__1)s::UUID, %(lotto_id__1)s::UUID, %(draw_number__1)s::INTEGER), (%(id__2)s::UUID, %(lotto_id__2)s::UUID, %(draw_number__2)s::INTEGER), (%(id__3)s::UUID, %(lotto_id__3)s::UUID, %(draw_number__3)s::INTEGER), (%(id__4)s::UUID, %(lotto_id__4)s::UUID, %(draw_number__4)s::INTEGER), (%(id__5)s::UUID, %(lotto_id__5)s::UUID, %(draw_number__5)s::INTEGER)
2025-06-10 04:34:04,757 INFO sqlalchemy.engine.Engine [cached since 0.2207s ago (insertmanyvalues) 1/1 (unordered)] {'lotto_id__0': UUID('5fc8a3d2-2aae-4951-829d-416746d79967'), 'id__0': UUID('b751e8cc-c2c3-41ce-bcdd-2c5bb8289303'), 'draw_number__0': 43, 'lotto_id__1': UUID('5fc8a3d2-2aae-4951-829d-416746d79967'), 'id__1': UUID('b7c05f99-048e-4365-b4fe-856825a6e0f0'), 'draw_number__1': 17, 'lotto_id__2': UUID('5fc8a3d2-2aae-4951-829d-416746d79967'), 'id__2': UUID('7c6e077d-af79-4a21-861e-c321b9166e30'), 'draw_number__2': 37, 'lotto_id__3': UUID('5fc8a3d2-2aae-4951-829d-416746d79967'), 'id__3': UUID('3bd48b93-8a8b-4698-a3f3-765fc5b025db'), 'draw_number__3': 9, 'lotto_id__4': UUID('5fc8a3d2-2aae-4951-829d-416746d79967'), 'id__4': UUID('31043851-14ac-43c6-97f0-1d4e04c07d79'), 'draw_number__4': 53, 'lotto_id__5': UUID('5fc8a3d2-2aae-4951-829d-416746d79967'), 'id__5': UUID('4fcc34c5-72b2-463c-a60c-96b340fa4797'), 'draw_number__5': 4}
2025-06-10 04:34:04,758 INFO sqlalchemy.engine.Engine COMMIT
super
2025-06-10 04:34:04,980 INFO sqlalchemy.engine.Engine BEGIN (implicit)
2025-06-10 04:34:04,982 INFO sqlalchemy.engine.Engine SELECT draw_results.id AS draw_results_id, draw_results.raw_lotto_game AS draw_results_raw_lotto_game, draw_results.raw_draw_date AS draw_results_raw_draw_date, draw_results.raw_jackpot AS draw_results_raw_jackpot, draw_results.raw_winners AS draw_results_raw_winners 
FROM draw_results 
WHERE draw_results.raw_lotto_game = %(raw_lotto_game_1)s::VARCHAR AND draw_results.raw_draw_date = %(raw_draw_date_1)s::DATE
2025-06-10 04:34:04,983 INFO sqlalchemy.engine.Engine [cached since 0.4564s ago] {'raw_lotto_game_1': 'super', 'raw_draw_date_1': datetime.date(2025, 6, 8)}
2025-06-10 04:34:04,986 INFO sqlalchemy.engine.Engine INSERT INTO draw_results (id, raw_lotto_game, raw_draw_date, raw_jackpot, raw_winners) VALUES (%(id)s::UUID, %(raw_lotto_game)s::VARCHAR, %(raw_draw_date)s::DATE, %(raw_jackpot)s, %(raw_winners)s::INTEGER)
2025-06-10 04:34:04,987 INFO sqlalchemy.engine.Engine [cached since 0.4561s ago] {'id': UUID('a95d685d-0f59-48dc-a721-61b7b261993b'), 'raw_lotto_game': 'super', 'raw_draw_date': datetime.date(2025, 6, 8), 'raw_jackpot': Decimal('57908146.40'), 'raw_winners': 0}
2025-06-10 04:34:04,990 INFO sqlalchemy.engine.Engine SELECT draw_results.id, draw_results.raw_lotto_game, draw_results.raw_draw_date, draw_results.raw_jackpot, draw_results.raw_winners 
FROM draw_results 
WHERE draw_results.id = %(pk_1)s::UUID
2025-06-10 04:34:04,990 INFO sqlalchemy.engine.Engine [cached since 0.4569s ago] {'pk_1': UUID('a95d685d-0f59-48dc-a721-61b7b261993b')}
2025-06-10 04:34:04,992 INFO sqlalchemy.engine.Engine INSERT INTO winning_combination (id, lotto_id, draw_number) VALUES (%(id__0)s::UUID, %(lotto_id__0)s::UUID, %(draw_number__0)s::INTEGER), (%(id__1)s::UUID, %(lotto_id__1)s::UUID, %(draw_number__1)s::INTEGER), (%(id__2)s::UUID, %(lotto_id__2)s::UUID, %(draw_number__2)s::INTEGER), (%(id__3)s::UUID, %(lotto_id__3)s::UUID, %(draw_number__3)s::INTEGER), (%(id__4)s::UUID, %(lotto_id__4)s::UUID, %(draw_number__4)s::INTEGER), (%(id__5)s::UUID, %(lotto_id__5)s::UUID, %(draw_number__5)s::INTEGER)
2025-06-10 04:34:04,993 INFO sqlalchemy.engine.Engine [cached since 0.4563s ago (insertmanyvalues) 1/1 (unordered)] {'lotto_id__0': UUID('a95d685d-0f59-48dc-a721-61b7b261993b'), 'id__0': UUID('52e3b7b0-a476-4ca4-8b48-1dc6960d547b'), 'draw_number__0': 37, 'lotto_id__1': UUID('a95d685d-0f59-48dc-a721-61b7b261993b'), 'id__1': UUID('1d2ed54d-87f6-4b87-8fa4-5d96192f1683'), 'draw_number__1': 22, 'lotto_id__2': UUID('a95d685d-0f59-48dc-a721-61b7b261993b'), 'id__2': UUID('5cb97d57-12ce-4789-89b3-8ed6f007c875'), 'draw_number__2': 30, 'lotto_id__3': UUID('a95d685d-0f59-48dc-a721-61b7b261993b'), 'id__3': UUID('22439ea8-fd1e-42dc-9373-affcb14755d3'), 'draw_number__3': 1, 'lotto_id__4': UUID('a95d685d-0f59-48dc-a721-61b7b261993b'), 'id__4': UUID('195c155b-1b01-4abd-a45b-8a050371f94f'), 'draw_number__4': 26, 'lotto_id__5': UUID('a95d685d-0f59-48dc-a721-61b7b261993b'), 'id__5': UUID('7e36fff1-0c3e-45b1-8912-e1375fee7b53'), 'draw_number__5': 27}
2025-06-10 04:34:04,994 INFO sqlalchemy.engine.Engine COMMIT
mega
2025-06-10 04:34:05,177 INFO sqlalchemy.engine.Engine BEGIN (implicit)
2025-06-10 04:34:05,179 INFO sqlalchemy.engine.Engine SELECT draw_results.id AS draw_results_id, draw_results.raw_lotto_game AS draw_results_raw_lotto_game, draw_results.raw_draw_date AS draw_results_raw_draw_date, draw_results.raw_jackpot AS draw_results_raw_jackpot, draw_results.raw_winners AS draw_results_raw_winners 
FROM draw_results 
WHERE draw_results.raw_lotto_game = %(raw_lotto_game_1)s::VARCHAR AND draw_results.raw_draw_date = %(raw_draw_date_1)s::DATE
2025-06-10 04:34:05,180 INFO sqlalchemy.engine.Engine [cached since 0.6533s ago] {'raw_lotto_game_1': 'mega', 'raw_draw_date_1': datetime.date(2025, 6, 9)}
2025-06-10 04:34:05,183 INFO sqlalchemy.engine.Engine INSERT INTO draw_results (id, raw_lotto_game, raw_draw_date, raw_jackpot, raw_winners) VALUES (%(id)s::UUID, %(raw_lotto_game)s::VARCHAR, %(raw_draw_date)s::DATE, %(raw_jackpot)s, %(raw_winners)s::INTEGER)
2025-06-10 04:34:05,183 INFO sqlalchemy.engine.Engine [cached since 0.6529s ago] {'id': UUID('b237583d-d5b6-46a1-afcc-1d750c684f12'), 'raw_lotto_game': 'mega', 'raw_draw_date': datetime.date(2025, 6, 9), 'raw_jackpot': Decimal('8910000.00'), 'raw_winners': 0}
2025-06-10 04:34:05,186 INFO sqlalchemy.engine.Engine SELECT draw_results.id, draw_results.raw_lotto_game, draw_results.raw_draw_date, draw_results.raw_jackpot, draw_results.raw_winners 
FROM draw_results 
WHERE draw_results.id = %(pk_1)s::UUID
2025-06-10 04:34:05,187 INFO sqlalchemy.engine.Engine [cached since 0.6531s ago] {'pk_1': UUID('b237583d-d5b6-46a1-afcc-1d750c684f12')}
2025-06-10 04:34:05,188 INFO sqlalchemy.engine.Engine INSERT INTO winning_combination (id, lotto_id, draw_number) VALUES (%(id__0)s::UUID, %(lotto_id__0)s::UUID, %(draw_number__0)s::INTEGER), (%(id__1)s::UUID, %(lotto_id__1)s::UUID, %(draw_number__1)s::INTEGER), (%(id__2)s::UUID, %(lotto_id__2)s::UUID, %(draw_number__2)s::INTEGER), (%(id__3)s::UUID, %(lotto_id__3)s::UUID, %(draw_number__3)s::INTEGER), (%(id__4)s::UUID, %(lotto_id__4)s::UUID, %(draw_number__4)s::INTEGER), (%(id__5)s::UUID, %(lotto_id__5)s::UUID, %(draw_number__5)s::INTEGER)
2025-06-10 04:34:05,189 INFO sqlalchemy.engine.Engine [cached since 0.6524s ago (insertmanyvalues) 1/1 (unordered)] {'lotto_id__0': UUID('b237583d-d5b6-46a1-afcc-1d750c684f12'), 'id__0': UUID('0ae2fda0-8a6b-45b9-9c37-247dd8cc205a'), 'draw_number__0': 32, 'lotto_id__1': UUID('b237583d-d5b6-46a1-afcc-1d750c684f12'), 'id__1': UUID('31f91847-8bc2-4b28-9411-604f55247194'), 'draw_number__1': 2, 'lotto_id__2': UUID('b237583d-d5b6-46a1-afcc-1d750c684f12'), 'id__2': UUID('19c8e94c-7b45-4d29-a990-41d2f48b8612'), 'draw_number__2': 28, 'lotto_id__3': UUID('b237583d-d5b6-46a1-afcc-1d750c684f12'), 'id__3': UUID('4cc5b537-a914-4252-830a-197afc9a6dea'), 'draw_number__3': 15, 'lotto_id__4': UUID('b237583d-d5b6-46a1-afcc-1d750c684f12'), 'id__4': UUID('30de7ff7-0c0f-498f-9f0e-ca0f7060d7cf'), 'draw_number__4': 18, 'lotto_id__5': UUID('b237583d-d5b6-46a1-afcc-1d750c684f12'), 'id__5': UUID('2f8b9435-04b4-4b30-9b0e-4d379574c1ca'), 'draw_number__5': 8}
2025-06-10 04:34:05,190 INFO sqlalchemy.engine.Engine COMMIT
lotto
2025-06-10 04:34:05,432 INFO sqlalchemy.engine.Engine BEGIN (implicit)
2025-06-10 04:34:05,432 INFO sqlalchemy.engine.Engine SELECT draw_results.id AS draw_results_id, draw_results.raw_lotto_game AS draw_results_raw_lotto_game, draw_results.raw_draw_date AS draw_results_raw_draw_date, draw_results.raw_jackpot AS draw_results_raw_jackpot, draw_results.raw_winners AS draw_results_raw_winners 
FROM draw_results 
WHERE draw_results.raw_lotto_game = %(raw_lotto_game_1)s::VARCHAR AND draw_results.raw_draw_date = %(raw_draw_date_1)s::DATE
2025-06-10 04:34:05,432 INFO sqlalchemy.engine.Engine [cached since 0.9062s ago] {'raw_lotto_game_1': 'lotto', 'raw_draw_date_1': datetime.date(2025, 6, 7)}
2025-06-10 04:34:05,434 INFO sqlalchemy.engine.Engine INSERT INTO draw_results (id, raw_lotto_game, raw_draw_date, raw_jackpot, raw_winners) VALUES (%(id)s::UUID, %(raw_lotto_game)s::VARCHAR, %(raw_draw_date)s::DATE, %(raw_jackpot)s, %(raw_winners)s::INTEGER)
2025-06-10 04:34:05,434 INFO sqlalchemy.engine.Engine [cached since 0.9034s ago] {'id': UUID('8ff886aa-018c-4a03-8a97-dfc713770767'), 'raw_lotto_game': 'lotto', 'raw_draw_date': datetime.date(2025, 6, 7), 'raw_jackpot': Decimal('7027614.20'), 'raw_winners': 0}
2025-06-10 04:34:05,435 INFO sqlalchemy.engine.Engine SELECT draw_results.id, draw_results.raw_lotto_game, draw_results.raw_draw_date, draw_results.raw_jackpot, draw_results.raw_winners 
FROM draw_results 
WHERE draw_results.id = %(pk_1)s::UUID
2025-06-10 04:34:05,435 INFO sqlalchemy.engine.Engine [cached since 0.9018s ago] {'pk_1': UUID('8ff886aa-018c-4a03-8a97-dfc713770767')}
2025-06-10 04:34:05,437 INFO sqlalchemy.engine.Engine INSERT INTO winning_combination (id, lotto_id, draw_number) VALUES (%(id__0)s::UUID, %(lotto_id__0)s::UUID, %(draw_number__0)s::INTEGER), (%(id__1)s::UUID, %(lotto_id__1)s::UUID, %(draw_number__1)s::INTEGER), (%(id__2)s::UUID, %(lotto_id__2)s::UUID, %(draw_number__2)s::INTEGER), (%(id__3)s::UUID, %(lotto_id__3)s::UUID, %(draw_number__3)s::INTEGER), (%(id__4)s::UUID, %(lotto_id__4)s::UUID, %(draw_number__4)s::INTEGER), (%(id__5)s::UUID, %(lotto_id__5)s::UUID, %(draw_number__5)s::INTEGER)
2025-06-10 04:34:05,438 INFO sqlalchemy.engine.Engine [cached since 0.9014s ago (insertmanyvalues) 1/1 (unordered)] {'lotto_id__0': UUID('8ff886aa-018c-4a03-8a97-dfc713770767'), 'id__0': UUID('6335eaef-cd70-4547-b556-0af05170851d'), 'draw_number__0': 21, 'lotto_id__1': UUID('8ff886aa-018c-4a03-8a97-dfc713770767'), 'id__1': UUID('0800d479-7679-4c57-b9c6-59c620c3c153'), 'draw_number__1': 22, 'lotto_id__2': UUID('8ff886aa-018c-4a03-8a97-dfc713770767'), 'id__2': UUID('881bd74e-c355-4769-a63b-11542da836c6'), 'draw_number__2': 32, 'lotto_id__3': UUID('8ff886aa-018c-4a03-8a97-dfc713770767'), 'id__3': UUID('d4e614d5-6673-42d4-a27d-7960cada0f41'), 'draw_number__3': 33, 'lotto_id__4': UUID('8ff886aa-018c-4a03-8a97-dfc713770767'), 'id__4': UUID('9ef74364-1dd7-448a-8504-c92018794c7f'), 'draw_number__4': 31, 'lotto_id__5': UUID('8ff886aa-018c-4a03-8a97-dfc713770767'), 'id__5': UUID('acdcf419-0b57-4821-974d-d925dd03a001'), 'draw_number__5': 3}
2025-06-10 04:34:05,439 INFO sqlalchemy.engine.Engine COMMIT
